<?xml version="1.0" encoding="UTF-8"?>
<!-- Generated by org.testng.reporters.JUnitXMLReporter -->
<testsuite ignored="0" hostname="DESKTOP-379USB3" failures="0" tests="3" name="Default test" time="8.723" errors="0" timestamp="2023-03-28T23:04:38 IST">
  <testcase classname="api.test.FBTes" name="getStatus" time="4.449"/>
  <testcase classname="api.test.FBTes" name="getTimezone" time="0.649"/>
  <testcase classname="api.test.FBTes" name="getLeagues" time="3.51"/>
</testsuite> <!-- Default test -->
