<?xml version="1.0" encoding="UTF-8"?>
<testng-results ignored="0" total="3" passed="3" failed="0" skipped="0">
  <reporter-output>
  </reporter-output>
  <suite started-at="2023-03-28T23:04:29 IST" name="Default suite" finished-at="2023-03-28T23:04:38 IST" duration-ms="8723">
    <groups>
    </groups>
    <test started-at="2023-03-28T23:04:29 IST" name="Default test" finished-at="2023-03-28T23:04:38 IST" duration-ms="8723">
      <class name="api.test.FBTes">
        <test-method signature="getStatus()[pri:0, instance:api.test.FBTes@8dbdac1]" started-at="2023-03-28T23:04:29 IST" name="getStatus" finished-at="2023-03-28T23:04:34 IST" duration-ms="4449" status="PASS">
          <reporter-output>
          </reporter-output>
        </test-method> <!-- getStatus -->
        <test-method signature="getTimezone()[pri:2, instance:api.test.FBTes@8dbdac1]" started-at="2023-03-28T23:04:34 IST" name="getTimezone" finished-at="2023-03-28T23:04:35 IST" duration-ms="649" status="PASS">
          <reporter-output>
          </reporter-output>
        </test-method> <!-- getTimezone -->
        <test-method signature="getLeagues()[pri:3, instance:api.test.FBTes@8dbdac1]" started-at="2023-03-28T23:04:35 IST" name="getLeagues" finished-at="2023-03-28T23:04:38 IST" duration-ms="3510" status="PASS">
          <reporter-output>
          </reporter-output>
        </test-method> <!-- getLeagues -->
      </class> <!-- api.test.FBTes -->
    </test> <!-- Default test -->
  </suite> <!-- Default suite -->
</testng-results>
