<?xml version="1.0" encoding="UTF-8"?>
<testng-results ignored="0" total="1" passed="1" failed="0" skipped="0">
  <reporter-output>
  </reporter-output>
  <suite started-at="2023-03-29T22:07:59 IST" name="Default suite" finished-at="2023-03-29T22:08:04 IST" duration-ms="4523">
    <groups>
    </groups>
    <test started-at="2023-03-29T22:07:59 IST" name="Default test" finished-at="2023-03-29T22:08:04 IST" duration-ms="4523">
      <class name="api.test.FBTes">
        <test-method signature="getTeams()[pri:0, instance:api.test.FBTes@5e0826e7]" started-at="2023-03-29T22:07:59 IST" name="getTeams" finished-at="2023-03-29T22:08:04 IST" duration-ms="4473" status="PASS">
          <reporter-output>
          </reporter-output>
        </test-method> <!-- getTeams -->
      </class> <!-- api.test.FBTes -->
    </test> <!-- Default test -->
  </suite> <!-- Default suite -->
</testng-results>
